09:58:19 INFO  : Registering command handlers for SDK TCF services
09:58:25 INFO  : Launching XSCT server: xsct -n -interactive /home/jun-i/Work/zynq_practice/ps_led_gpio/ps_led_gpio.sdk/temp_xsdb_launch_script.tcl
09:58:29 INFO  : XSCT server has started successfully.
09:58:29 INFO  : Successfully done setting XSCT server connection channel  
09:58:33 INFO  : Successfully done setting SDK workspace  
09:58:33 INFO  : Processing command line option -hwspec /home/jun-i/Work/zynq_practice/ps_led_gpio/ps_led_gpio.sdk/design_1_wrapper.hdf.
09:59:57 INFO  : Connected to target on host '127.0.0.1' and port '3121'.
09:59:58 INFO  : 'targets -set -filter {jtag_cable_name =~ "Digilent Zybo 210279786972A" && level==0} -index 1' command is executed.
09:59:59 INFO  : FPGA configured successfully with bitstream "/home/jun-i/Work/zynq_practice/ps_led_gpio/ps_led_gpio.sdk/design_1_wrapper_hw_platform_0/design_1_wrapper.bit"
10:00:27 INFO  : 'targets -set -filter {jtag_cable_name =~ "Digilent Zybo 210279786972A" && level==0} -index 1' command is executed.
10:00:27 INFO  : 'fpga -state' command is executed.
10:00:27 INFO  : Connected to target on host '127.0.0.1' and port '3121'.
10:00:27 INFO  : Jtag cable 'Digilent Zybo 210279786972A' is selected.
10:00:27 INFO  : 'jtag frequency' command is executed.
10:00:27 INFO  : Sourcing of '/home/jun-i/Work/zynq_practice/ps_led_gpio/ps_led_gpio.sdk/design_1_wrapper_hw_platform_0/ps7_init.tcl' is done.
10:00:27 INFO  : Context for 'APU' is selected.
10:00:27 INFO  : Hardware design information is loaded from '/home/jun-i/Work/zynq_practice/ps_led_gpio/ps_led_gpio.sdk/design_1_wrapper_hw_platform_0/system.hdf'.
10:00:27 INFO  : 'configparams force-mem-access 1' command is executed.
10:00:27 INFO  : Context for 'APU' is selected.
10:00:27 INFO  : 'stop' command is executed.
10:00:28 INFO  : 'ps7_init' command is executed.
10:00:28 INFO  : 'ps7_post_config' command is executed.
10:00:28 INFO  : Context for processor 'ps7_cortexa9_0' is selected.
10:00:28 INFO  : Processor reset is completed for 'ps7_cortexa9_0'.
10:00:28 INFO  : Context for processor 'ps7_cortexa9_0' is selected.
10:00:28 INFO  : The application '/home/jun-i/Work/zynq_practice/ps_led_gpio/ps_led_gpio.sdk/ps_led_gpio/Debug/ps_led_gpio.elf' is downloaded to processor 'ps7_cortexa9_0'.
10:00:28 INFO  : 'configparams force-mem-access 0' command is executed.
10:00:28 INFO  : ----------------XSDB Script----------------
connect -url tcp:127.0.0.1:3121
source /home/jun-i/Work/zynq_practice/ps_led_gpio/ps_led_gpio.sdk/design_1_wrapper_hw_platform_0/ps7_init.tcl
targets -set -nocase -filter {name =~"APU*" && jtag_cable_name =~ "Digilent Zybo 210279786972A"} -index 0
loadhw -hw /home/jun-i/Work/zynq_practice/ps_led_gpio/ps_led_gpio.sdk/design_1_wrapper_hw_platform_0/system.hdf -mem-ranges [list {0x40000000 0xbfffffff}]
configparams force-mem-access 1
targets -set -nocase -filter {name =~"APU*" && jtag_cable_name =~ "Digilent Zybo 210279786972A"} -index 0
stop
ps7_init
ps7_post_config
targets -set -nocase -filter {name =~ "ARM*#0" && jtag_cable_name =~ "Digilent Zybo 210279786972A"} -index 0
rst -processor
targets -set -nocase -filter {name =~ "ARM*#0" && jtag_cable_name =~ "Digilent Zybo 210279786972A"} -index 0
dow /home/jun-i/Work/zynq_practice/ps_led_gpio/ps_led_gpio.sdk/ps_led_gpio/Debug/ps_led_gpio.elf
configparams force-mem-access 0
----------------End of Script----------------

10:00:28 INFO  : Memory regions updated for context APU
10:00:28 INFO  : Context for processor 'ps7_cortexa9_0' is selected.
10:00:28 INFO  : 'con' command is executed.
10:00:28 INFO  : ----------------XSDB Script (After Launch)----------------
targets -set -nocase -filter {name =~ "ARM*#0" && jtag_cable_name =~ "Digilent Zybo 210279786972A"} -index 0
con
----------------End of Script----------------

10:00:28 INFO  : Launch script is exported to file '/home/jun-i/Work/zynq_practice/ps_led_gpio/ps_led_gpio.sdk/.sdk/launch_scripts/xilinx_c-c++_application_(system_debugger)/system_debugger_using_debug_ps_led_gpio.elf_on_local.tcl'
10:01:12 INFO  : Connected to target on host '127.0.0.1' and port '3121'.
10:01:13 INFO  : 'targets -set -filter {jtag_cable_name =~ "Digilent Zybo 210279786972A" && level==0} -index 1' command is executed.
10:01:15 INFO  : FPGA configured successfully with bitstream "/home/jun-i/Work/zynq_practice/ps_led_gpio/ps_led_gpio.sdk/design_1_wrapper_hw_platform_0/design_1_wrapper.bit"
10:01:26 INFO  : Disconnected from the channel tcfchan#1.
10:01:27 INFO  : 'targets -set -filter {jtag_cable_name =~ "Digilent Zybo 210279786972A" && level==0} -index 1' command is executed.
10:01:27 INFO  : 'fpga -state' command is executed.
10:01:27 INFO  : Connected to target on host '127.0.0.1' and port '3121'.
10:01:28 INFO  : Jtag cable 'Digilent Zybo 210279786972A' is selected.
10:01:28 INFO  : 'jtag frequency' command is executed.
10:01:28 INFO  : Sourcing of '/home/jun-i/Work/zynq_practice/ps_led_gpio/ps_led_gpio.sdk/design_1_wrapper_hw_platform_0/ps7_init.tcl' is done.
10:01:28 INFO  : Context for 'APU' is selected.
10:01:29 INFO  : Hardware design information is loaded from '/home/jun-i/Work/zynq_practice/ps_led_gpio/ps_led_gpio.sdk/design_1_wrapper_hw_platform_0/system.hdf'.
10:01:29 INFO  : 'configparams force-mem-access 1' command is executed.
10:01:29 INFO  : Context for 'APU' is selected.
10:01:29 INFO  : 'stop' command is executed.
10:01:30 INFO  : 'ps7_init' command is executed.
10:01:30 INFO  : 'ps7_post_config' command is executed.
10:01:30 INFO  : Context for processor 'ps7_cortexa9_0' is selected.
10:01:30 INFO  : Processor reset is completed for 'ps7_cortexa9_0'.
10:01:30 INFO  : Context for processor 'ps7_cortexa9_0' is selected.
10:01:30 INFO  : The application '/home/jun-i/Work/zynq_practice/ps_led_gpio/ps_led_gpio.sdk/ps_led_gpio/Debug/ps_led_gpio.elf' is downloaded to processor 'ps7_cortexa9_0'.
10:01:30 INFO  : 'configparams force-mem-access 0' command is executed.
10:01:30 INFO  : ----------------XSDB Script----------------
connect -url tcp:127.0.0.1:3121
source /home/jun-i/Work/zynq_practice/ps_led_gpio/ps_led_gpio.sdk/design_1_wrapper_hw_platform_0/ps7_init.tcl
targets -set -nocase -filter {name =~"APU*" && jtag_cable_name =~ "Digilent Zybo 210279786972A"} -index 0
loadhw -hw /home/jun-i/Work/zynq_practice/ps_led_gpio/ps_led_gpio.sdk/design_1_wrapper_hw_platform_0/system.hdf -mem-ranges [list {0x40000000 0xbfffffff}]
configparams force-mem-access 1
targets -set -nocase -filter {name =~"APU*" && jtag_cable_name =~ "Digilent Zybo 210279786972A"} -index 0
stop
ps7_init
ps7_post_config
targets -set -nocase -filter {name =~ "ARM*#0" && jtag_cable_name =~ "Digilent Zybo 210279786972A"} -index 0
rst -processor
targets -set -nocase -filter {name =~ "ARM*#0" && jtag_cable_name =~ "Digilent Zybo 210279786972A"} -index 0
dow /home/jun-i/Work/zynq_practice/ps_led_gpio/ps_led_gpio.sdk/ps_led_gpio/Debug/ps_led_gpio.elf
configparams force-mem-access 0
----------------End of Script----------------

10:01:30 INFO  : Memory regions updated for context APU
10:01:30 INFO  : Context for processor 'ps7_cortexa9_0' is selected.
10:01:30 INFO  : 'con' command is executed.
10:01:30 INFO  : ----------------XSDB Script (After Launch)----------------
targets -set -nocase -filter {name =~ "ARM*#0" && jtag_cable_name =~ "Digilent Zybo 210279786972A"} -index 0
con
----------------End of Script----------------

10:01:30 INFO  : Launch script is exported to file '/home/jun-i/Work/zynq_practice/ps_led_gpio/ps_led_gpio.sdk/.sdk/launch_scripts/xilinx_c-c++_application_(system_debugger)/system_debugger_using_debug_ps_led_gpio.elf_on_local.tcl'
10:02:52 INFO  : Disconnected from the channel tcfchan#2.
10:02:53 INFO  : 'targets -set -filter {jtag_cable_name =~ "Digilent Zybo 210279786972A" && level==0} -index 1' command is executed.
10:02:53 INFO  : 'fpga -state' command is executed.
10:02:53 INFO  : Connected to target on host '127.0.0.1' and port '3121'.
10:02:53 INFO  : Jtag cable 'Digilent Zybo 210279786972A' is selected.
10:02:53 INFO  : 'jtag frequency' command is executed.
10:02:53 INFO  : Sourcing of '/home/jun-i/Work/zynq_practice/ps_led_gpio/ps_led_gpio.sdk/design_1_wrapper_hw_platform_0/ps7_init.tcl' is done.
10:02:53 INFO  : Context for 'APU' is selected.
10:02:55 INFO  : Hardware design information is loaded from '/home/jun-i/Work/zynq_practice/ps_led_gpio/ps_led_gpio.sdk/design_1_wrapper_hw_platform_0/system.hdf'.
10:02:55 INFO  : 'configparams force-mem-access 1' command is executed.
10:02:55 INFO  : Context for 'APU' is selected.
10:02:55 INFO  : 'stop' command is executed.
10:02:55 INFO  : 'ps7_init' command is executed.
10:02:55 INFO  : 'ps7_post_config' command is executed.
10:02:55 INFO  : Context for processor 'ps7_cortexa9_0' is selected.
10:02:55 INFO  : Processor reset is completed for 'ps7_cortexa9_0'.
10:02:56 INFO  : Context for processor 'ps7_cortexa9_0' is selected.
10:02:56 INFO  : The application '/home/jun-i/Work/zynq_practice/ps_led_gpio/ps_led_gpio.sdk/ps_led_gpio/Debug/ps_led_gpio.elf' is downloaded to processor 'ps7_cortexa9_0'.
10:02:56 INFO  : 'configparams force-mem-access 0' command is executed.
10:02:56 INFO  : ----------------XSDB Script----------------
connect -url tcp:127.0.0.1:3121
source /home/jun-i/Work/zynq_practice/ps_led_gpio/ps_led_gpio.sdk/design_1_wrapper_hw_platform_0/ps7_init.tcl
targets -set -nocase -filter {name =~"APU*" && jtag_cable_name =~ "Digilent Zybo 210279786972A"} -index 0
loadhw -hw /home/jun-i/Work/zynq_practice/ps_led_gpio/ps_led_gpio.sdk/design_1_wrapper_hw_platform_0/system.hdf -mem-ranges [list {0x40000000 0xbfffffff}]
configparams force-mem-access 1
targets -set -nocase -filter {name =~"APU*" && jtag_cable_name =~ "Digilent Zybo 210279786972A"} -index 0
stop
ps7_init
ps7_post_config
targets -set -nocase -filter {name =~ "ARM*#0" && jtag_cable_name =~ "Digilent Zybo 210279786972A"} -index 0
rst -processor
targets -set -nocase -filter {name =~ "ARM*#0" && jtag_cable_name =~ "Digilent Zybo 210279786972A"} -index 0
dow /home/jun-i/Work/zynq_practice/ps_led_gpio/ps_led_gpio.sdk/ps_led_gpio/Debug/ps_led_gpio.elf
configparams force-mem-access 0
----------------End of Script----------------

10:02:56 INFO  : Memory regions updated for context APU
10:02:56 INFO  : Context for processor 'ps7_cortexa9_0' is selected.
10:02:56 INFO  : 'con' command is executed.
10:02:56 INFO  : ----------------XSDB Script (After Launch)----------------
targets -set -nocase -filter {name =~ "ARM*#0" && jtag_cable_name =~ "Digilent Zybo 210279786972A"} -index 0
con
----------------End of Script----------------

10:02:56 INFO  : Launch script is exported to file '/home/jun-i/Work/zynq_practice/ps_led_gpio/ps_led_gpio.sdk/.sdk/launch_scripts/xilinx_c-c++_application_(system_debugger)/system_debugger_using_debug_ps_led_gpio.elf_on_local.tcl'
10:03:42 INFO  : Disconnected from the channel tcfchan#3.
