22:16:18 INFO  : Registering command handlers for SDK TCF services
22:16:24 INFO  : Launching XSCT server: xsct -n -interactive /home/jun-i/Work/zynq_practice/hello_world/hello_world.sdk/temp_xsdb_launch_script.tcl
22:16:27 INFO  : XSCT server has started successfully.
22:16:27 INFO  : Successfully done setting XSCT server connection channel  
22:16:32 INFO  : Successfully done setting SDK workspace  
22:16:32 INFO  : Processing command line option -hwspec /home/jun-i/Work/zynq_practice/hello_world/hello_world.sdk/design_1_wrapper.hdf.
22:24:37 INFO  : Connected to target on host '127.0.0.1' and port '3121'.
22:24:37 INFO  : 'targets -set -filter {jtag_cable_name =~ "Digilent Zybo 210279786972A" && level==0} -index 1' command is executed.
22:24:39 INFO  : FPGA configured successfully with bitstream "/home/jun-i/Work/zynq_practice/hello_world/hello_world.sdk/design_1_wrapper_hw_platform_0/design_1_wrapper.bit"
22:24:51 INFO  : Connected to target on host '127.0.0.1' and port '3121'.
22:31:58 INFO  : 'targets -set -filter {jtag_cable_name =~ "Digilent Zybo 210279786972A" && level==0} -index 1' command is executed.
22:31:58 INFO  : 'fpga -state' command is executed.
22:31:58 INFO  : Connected to target on host '127.0.0.1' and port '3121'.
22:31:58 INFO  : Jtag cable 'Digilent Zybo 210279786972A' is selected.
22:31:58 INFO  : 'jtag frequency' command is executed.
22:31:58 INFO  : Sourcing of '/home/jun-i/Work/zynq_practice/hello_world/hello_world.sdk/design_1_wrapper_hw_platform_0/ps7_init.tcl' is done.
22:31:58 INFO  : Context for 'APU' is selected.
22:31:58 INFO  : Hardware design information is loaded from '/home/jun-i/Work/zynq_practice/hello_world/hello_world.sdk/design_1_wrapper_hw_platform_0/system.hdf'.
22:31:58 INFO  : 'configparams force-mem-access 1' command is executed.
22:31:58 INFO  : Context for 'APU' is selected.
22:31:58 INFO  : 'stop' command is executed.
22:31:58 INFO  : 'ps7_init' command is executed.
22:31:58 INFO  : 'ps7_post_config' command is executed.
22:31:58 INFO  : Context for processor 'ps7_cortexa9_0' is selected.
22:31:58 INFO  : Processor reset is completed for 'ps7_cortexa9_0'.
22:31:58 INFO  : Context for processor 'ps7_cortexa9_0' is selected.
22:31:59 INFO  : The application '/home/jun-i/Work/zynq_practice/hello_world/hello_world.sdk/HelloWorld/Debug/HelloWorld.elf' is downloaded to processor 'ps7_cortexa9_0'.
22:31:59 INFO  : 'configparams force-mem-access 0' command is executed.
22:31:59 INFO  : ----------------XSDB Script----------------
connect -url tcp:127.0.0.1:3121
source /home/jun-i/Work/zynq_practice/hello_world/hello_world.sdk/design_1_wrapper_hw_platform_0/ps7_init.tcl
targets -set -nocase -filter {name =~"APU*" && jtag_cable_name =~ "Digilent Zybo 210279786972A"} -index 0
loadhw -hw /home/jun-i/Work/zynq_practice/hello_world/hello_world.sdk/design_1_wrapper_hw_platform_0/system.hdf -mem-ranges [list {0x40000000 0xbfffffff}]
configparams force-mem-access 1
targets -set -nocase -filter {name =~"APU*" && jtag_cable_name =~ "Digilent Zybo 210279786972A"} -index 0
stop
ps7_init
ps7_post_config
targets -set -nocase -filter {name =~ "ARM*#0" && jtag_cable_name =~ "Digilent Zybo 210279786972A"} -index 0
rst -processor
targets -set -nocase -filter {name =~ "ARM*#0" && jtag_cable_name =~ "Digilent Zybo 210279786972A"} -index 0
dow /home/jun-i/Work/zynq_practice/hello_world/hello_world.sdk/HelloWorld/Debug/HelloWorld.elf
configparams force-mem-access 0
----------------End of Script----------------

22:31:59 INFO  : Memory regions updated for context APU
22:31:59 INFO  : Context for processor 'ps7_cortexa9_0' is selected.
22:31:59 INFO  : 'con' command is executed.
22:31:59 INFO  : ----------------XSDB Script (After Launch)----------------
targets -set -nocase -filter {name =~ "ARM*#0" && jtag_cable_name =~ "Digilent Zybo 210279786972A"} -index 0
con
----------------End of Script----------------

22:31:59 INFO  : Launch script is exported to file '/home/jun-i/Work/zynq_practice/hello_world/hello_world.sdk/.sdk/launch_scripts/xilinx_c-c++_application_(system_debugger)/system_debugger_using_debug_helloworld.elf_on_local.tcl'
22:33:03 INFO  : Disconnected from the channel tcfchan#1.
22:33:04 INFO  : 'targets -set -filter {jtag_cable_name =~ "Digilent Zybo 210279786972A" && level==0} -index 1' command is executed.
22:33:04 INFO  : 'fpga -state' command is executed.
22:33:04 INFO  : Connected to target on host '127.0.0.1' and port '3121'.
22:33:04 INFO  : Jtag cable 'Digilent Zybo 210279786972A' is selected.
22:33:04 INFO  : 'jtag frequency' command is executed.
22:33:04 INFO  : Sourcing of '/home/jun-i/Work/zynq_practice/hello_world/hello_world.sdk/design_1_wrapper_hw_platform_0/ps7_init.tcl' is done.
22:33:05 INFO  : Context for 'APU' is selected.
22:33:06 INFO  : Hardware design information is loaded from '/home/jun-i/Work/zynq_practice/hello_world/hello_world.sdk/design_1_wrapper_hw_platform_0/system.hdf'.
22:33:06 INFO  : 'configparams force-mem-access 1' command is executed.
22:33:06 INFO  : Context for 'APU' is selected.
22:33:06 INFO  : 'stop' command is executed.
22:33:07 INFO  : 'ps7_init' command is executed.
22:33:07 INFO  : 'ps7_post_config' command is executed.
22:33:07 INFO  : Context for processor 'ps7_cortexa9_0' is selected.
22:33:07 INFO  : Processor reset is completed for 'ps7_cortexa9_0'.
22:33:07 INFO  : Context for processor 'ps7_cortexa9_0' is selected.
22:33:07 INFO  : The application '/home/jun-i/Work/zynq_practice/hello_world/hello_world.sdk/HelloWorld/Debug/HelloWorld.elf' is downloaded to processor 'ps7_cortexa9_0'.
22:33:07 INFO  : 'configparams force-mem-access 0' command is executed.
22:33:07 INFO  : ----------------XSDB Script----------------
connect -url tcp:127.0.0.1:3121
source /home/jun-i/Work/zynq_practice/hello_world/hello_world.sdk/design_1_wrapper_hw_platform_0/ps7_init.tcl
targets -set -nocase -filter {name =~"APU*" && jtag_cable_name =~ "Digilent Zybo 210279786972A"} -index 0
loadhw -hw /home/jun-i/Work/zynq_practice/hello_world/hello_world.sdk/design_1_wrapper_hw_platform_0/system.hdf -mem-ranges [list {0x40000000 0xbfffffff}]
configparams force-mem-access 1
targets -set -nocase -filter {name =~"APU*" && jtag_cable_name =~ "Digilent Zybo 210279786972A"} -index 0
stop
ps7_init
ps7_post_config
targets -set -nocase -filter {name =~ "ARM*#0" && jtag_cable_name =~ "Digilent Zybo 210279786972A"} -index 0
rst -processor
targets -set -nocase -filter {name =~ "ARM*#0" && jtag_cable_name =~ "Digilent Zybo 210279786972A"} -index 0
dow /home/jun-i/Work/zynq_practice/hello_world/hello_world.sdk/HelloWorld/Debug/HelloWorld.elf
configparams force-mem-access 0
----------------End of Script----------------

22:33:07 INFO  : Memory regions updated for context APU
22:33:07 INFO  : Context for processor 'ps7_cortexa9_0' is selected.
22:33:07 INFO  : 'con' command is executed.
22:33:07 INFO  : ----------------XSDB Script (After Launch)----------------
targets -set -nocase -filter {name =~ "ARM*#0" && jtag_cable_name =~ "Digilent Zybo 210279786972A"} -index 0
con
----------------End of Script----------------

22:33:07 INFO  : Launch script is exported to file '/home/jun-i/Work/zynq_practice/hello_world/hello_world.sdk/.sdk/launch_scripts/xilinx_c-c++_application_(system_debugger)/system_debugger_using_debug_helloworld.elf_on_local.tcl'
22:37:33 INFO  : Disconnected from the channel tcfchan#2.
