#-----------------------------------------------------------
# Webtalk v2017.4 (64-bit)
# SW Build 2086221 on Fri Dec 15 20:54:30 MST 2017
# 
# Start of session at: Sat Feb 17 22:37:34 2018
# Process ID: 1223
# Current directory: /home/jun-i/Work/zynq_practice/hello_world/hello_world.sdk/webtalk
# Command line: wbtcv -mode batch -source sdk_webtalk.tcl
# Log file: /home/jun-i/Work/zynq_practice/hello_world/hello_world.sdk/webtalk/webtalk.log
# Journal file: /home/jun-i/Work/zynq_practice/hello_world/hello_world.sdk/webtalk/webtalk.jou
#-----------------------------------------------------------
source sdk_webtalk.tcl
# webtalk_init -webtalk_dir /home/jun-i/Work/zynq_practice/hello_world/hello_world.sdk/webtalk
# webtalk_register_client -client project
# webtalk_add_data -client project -key date_generated -value "2018-02-17 22:37:33" -context "software_version_and_target_device"
# webtalk_add_data -client project -key product_version -value "SDK v2017.4" -context "software_version_and_target_device"
# webtalk_add_data -client project -key build_version -value "2017.4" -context "software_version_and_target_device"
# webtalk_add_data -client project -key os_platform -value "amd64" -context "software_version_and_target_device"
# webtalk_add_data -client project -key registration_id -value "" -context "software_version_and_target_device"
# webtalk_add_data -client project -key tool_flow -value "SDK" -context "software_version_and_target_device"
# webtalk_add_data -client project -key beta -value "false" -context "software_version_and_target_device"
# webtalk_add_data -client project -key route_design -value "NA" -context "software_version_and_target_device"
# webtalk_add_data -client project -key target_family -value "NA" -context "software_version_and_target_device"
# webtalk_add_data -client project -key target_device -value "NA" -context "software_version_and_target_device"
# webtalk_add_data -client project -key target_package -value "NA" -context "software_version_and_target_device"
# webtalk_add_data -client project -key target_speed -value "NA" -context "software_version_and_target_device"
# webtalk_add_data -client project -key random_id -value "52oqkbtadfao9ia4sntes48mdq" -context "software_version_and_target_device"
# webtalk_add_data -client project -key project_id -value "2017.4_1" -context "software_version_and_target_device"
# webtalk_add_data -client project -key project_iteration -value "1" -context "software_version_and_target_device"
# webtalk_add_data -client project -key os_name -value "Ubuntu" -context "user_environment"
# webtalk_add_data -client project -key os_release -value "Ubuntu 16.04.3 LTS" -context "user_environment"
# webtalk_add_data -client project -key cpu_name -value "Intel(R) Core(TM) i7-3632QM CPU @ 2.20GHz" -context "user_environment"
# webtalk_add_data -client project -key cpu_speed -value "2194.973 MHz" -context "user_environment"
# webtalk_add_data -client project -key total_processors -value "1" -context "user_environment"
# webtalk_add_data -client project -key system_ram -value "8.234 GB" -context "user_environment"
# webtalk_register_client -client sdk
# webtalk_add_data -client sdk -key uid -value "1518873398000" -context "sdk\\\\hardware/1518873398000"
# webtalk_add_data -client sdk -key isZynq -value "true" -context "sdk\\\\hardware/1518873398000"
# webtalk_add_data -client sdk -key isZynqMP -value "false" -context "sdk\\\\hardware/1518873398000"
# webtalk_add_data -client sdk -key Processors -value "2" -context "sdk\\\\hardware/1518873398000"
# webtalk_add_data -client sdk -key VivadoVersion -value "2017.4" -context "sdk\\\\hardware/1518873398000"
# webtalk_add_data -client sdk -key Arch -value "zynq" -context "sdk\\\\hardware/1518873398000"
# webtalk_add_data -client sdk -key Device -value "7z010" -context "sdk\\\\hardware/1518873398000"
# webtalk_add_data -client sdk -key IsHandoff -value "true" -context "sdk\\\\hardware/1518873398000"
# webtalk_add_data -client sdk -key os -value "NA" -context "sdk\\\\hardware/1518873398000"
# webtalk_add_data -client sdk -key apptemplate -value "NA" -context "sdk\\\\hardware/1518873398000"
# webtalk_add_data -client sdk -key RecordType -value "HWCreation" -context "sdk\\\\hardware/1518873398000"
# webtalk_add_data -client sdk -key uid -value "1518873630000" -context "sdk\\\\bsp/1518873630000"
# webtalk_add_data -client sdk -key hwid -value "1518873398000" -context "sdk\\\\bsp/1518873630000"
# webtalk_add_data -client sdk -key os -value "standalone" -context "sdk\\\\bsp/1518873630000"
# webtalk_add_data -client sdk -key apptemplate -value "hello_world" -context "sdk\\\\bsp/1518873630000"
# webtalk_add_data -client sdk -key RecordType -value "BSPCreation" -context "sdk\\\\bsp/1518873630000"
# webtalk_add_data -client sdk -key uid -value "1518873634000" -context "sdk\\\\application/1518873634000"
# webtalk_add_data -client sdk -key hwid -value "1518873398000" -context "sdk\\\\application/1518873634000"
# webtalk_add_data -client sdk -key bspid -value "1518873630000" -context "sdk\\\\application/1518873634000"
# webtalk_add_data -client sdk -key newbsp -value "true" -context "sdk\\\\application/1518873634000"
# webtalk_add_data -client sdk -key os -value "standalone" -context "sdk\\\\application/1518873634000"
# webtalk_add_data -client sdk -key apptemplate -value "hello_world" -context "sdk\\\\application/1518873634000"
# webtalk_add_data -client sdk -key RecordType -value "APPCreation" -context "sdk\\\\application/1518873634000"
# webtalk_add_data -client sdk -key LangUsed -value "C" -context "sdk\\\\application/1518873634000"
# webtalk_add_data -client sdk -key Procused -value "ps7_cortexa9" -context "sdk\\\\application/1518873634000"
# webtalk_add_data -client sdk -key projSize -value "162.10546875" -context "sdk\\\\application/1518873634000"
# webtalk_add_data -client sdk -key uid -value "NA" -context "sdk\\\\bsp/1518874653326"
# webtalk_add_data -client sdk -key RecordType -value "ToolUsage" -context "sdk\\\\bsp/1518874653326"
# webtalk_add_data -client sdk -key BootgenCount -value "0" -context "sdk\\\\bsp/1518874653326"
# webtalk_add_data -client sdk -key DebugCount -value "2" -context "sdk\\\\bsp/1518874653326"
# webtalk_add_data -client sdk -key PerfCount -value "0" -context "sdk\\\\bsp/1518874653326"
# webtalk_add_data -client sdk -key FlashCount -value "0" -context "sdk\\\\bsp/1518874653326"
# webtalk_add_data -client sdk -key CrossTriggCount -value "0" -context "sdk\\\\bsp/1518874653326"
# webtalk_add_data -client sdk -key QemuDebugCount -value "0" -context "sdk\\\\bsp/1518874653326"
# webtalk_transmit -clientid 3107587397 -regid "" -xml /home/jun-i/Work/zynq_practice/hello_world/hello_world.sdk/webtalk/usage_statistics_ext_sdk.xml -html /home/jun-i/Work/zynq_practice/hello_world/hello_world.sdk/webtalk/usage_statistics_ext_sdk.html -wdm /home/jun-i/Work/zynq_practice/hello_world/hello_world.sdk/webtalk/sdk_webtalk.wdm -intro "<H3>SDK Usage Report</H3><BR>"
# webtalk_terminate
INFO: [Common 17-206] Exiting Webtalk at Sat Feb 17 22:37:34 2018...
