12:49:19 INFO  : Registering command handlers for SDK TCF services
12:49:22 INFO  : Launching XSCT server: xsct -n -interactive /home/jun-i/Work/zynq_practice/pl_led_gpio/pl_led_gpio.sdk/temp_xsdb_launch_script.tcl
12:49:23 INFO  : XSCT server has started successfully.
12:49:23 INFO  : Successfully done setting XSCT server connection channel  
12:49:24 INFO  : Successfully done setting SDK workspace  
12:49:24 INFO  : Processing command line option -hwspec /home/jun-i/Work/zynq_practice/pl_led_gpio/pl_led_gpio.sdk/design_1_wrapper.hdf.
13:02:20 INFO  : Connected to target on host '127.0.0.1' and port '3121'.
13:02:30 INFO  : 'targets -set -filter {jtag_cable_name =~ "Digilent Zybo 210279786972A" && level==0} -index 1' command is executed.
13:02:31 INFO  : FPGA configured successfully with bitstream "/home/jun-i/Work/zynq_practice/pl_led_gpio/pl_led_gpio.sdk/design_1_wrapper_hw_platform_0/design_1_wrapper.bit"
17:42:45 INFO  : Launching XSCT server: xsct -n -interactive /home/jun-i/Work/zynq_practice/pl_led_gpio/pl_led_gpio.sdk/temp_xsdb_launch_script.tcl
17:42:46 INFO  : XSCT server has started successfully.
17:42:48 INFO  : Successfully done setting XSCT server connection channel  
17:42:48 INFO  : Successfully done setting SDK workspace  
17:42:49 INFO  : Registering command handlers for SDK TCF services
17:42:50 INFO  : Processing command line option -hwspec /home/jun-i/Work/zynq_practice/pl_led_gpio/pl_led_gpio.sdk/design_1_wrapper.hdf.
17:42:50 INFO  : Checking for hwspec changes in the project design_1_wrapper_hw_platform_0.
17:42:50 INFO  : SDK has detected change in the last modified timestamps for source hardware specification file Source:1518927122000,  Project:1518925117000
17:42:50 INFO  : The hardware specification for project 'design_1_wrapper_hw_platform_0' is different from /home/jun-i/Work/zynq_practice/pl_led_gpio/pl_led_gpio.sdk/design_1_wrapper.hdf.
17:42:50 INFO  : Copied contents of /home/jun-i/Work/zynq_practice/pl_led_gpio/pl_led_gpio.sdk/design_1_wrapper.hdf into /design_1_wrapper_hw_platform_0/system.hdf.
17:42:53 INFO  : Synchronizing projects in the workspace with the hardware platform specification changes.
17:42:53 INFO  : Clearing existing target manager status.
17:42:53 WARN  : Given IPC port value is invalid. Using default port 2350
17:42:53 WARN  : Given XMD timeout value is invalid. Using default value of 50000
17:42:59 WARN  : Given XMD transaction timeout value is invalid. Using default value of 60000 milli seconds
17:42:59 INFO  : Workspace synchronized with the new hardware specification file. Cleaning dependent projects...
17:42:59 WARN  : Linker script will not be updated automatically. Users need to update it manually.
17:44:45 INFO  : Connected to target on host '127.0.0.1' and port '3121'.
17:44:57 INFO  : 'targets -set -filter {jtag_cable_name =~ "Digilent Zybo 210279786972A" && level==0} -index 1' command is executed.
17:44:58 INFO  : FPGA configured successfully with bitstream "/home/jun-i/Work/zynq_practice/pl_led_gpio/pl_led_gpio.sdk/design_1_wrapper_hw_platform_0/design_1_wrapper.bit"
17:46:16 INFO  : 'targets -set -filter {jtag_cable_name =~ "Digilent Zybo 210279786972A" && level==0} -index 1' command is executed.
17:46:16 INFO  : 'fpga -state' command is executed.
17:46:16 INFO  : Connected to target on host '127.0.0.1' and port '3121'.
17:46:17 INFO  : Jtag cable 'Digilent Zybo 210279786972A' is selected.
17:46:17 INFO  : 'jtag frequency' command is executed.
17:46:17 INFO  : Sourcing of '/home/jun-i/Work/zynq_practice/pl_led_gpio/pl_led_gpio.sdk/design_1_wrapper_hw_platform_0/ps7_init.tcl' is done.
17:46:17 INFO  : Context for 'APU' is selected.
17:46:17 INFO  : Hardware design information is loaded from '/home/jun-i/Work/zynq_practice/pl_led_gpio/pl_led_gpio.sdk/design_1_wrapper_hw_platform_0/system.hdf'.
17:46:17 INFO  : 'configparams force-mem-access 1' command is executed.
17:46:17 INFO  : Context for 'APU' is selected.
17:46:17 INFO  : 'stop' command is executed.
17:46:17 INFO  : 'ps7_init' command is executed.
17:46:17 INFO  : 'ps7_post_config' command is executed.
17:46:17 INFO  : Context for processor 'ps7_cortexa9_0' is selected.
17:46:17 INFO  : Processor reset is completed for 'ps7_cortexa9_0'.
17:46:17 INFO  : Context for processor 'ps7_cortexa9_0' is selected.
17:46:17 INFO  : The application '/home/jun-i/Work/zynq_practice/pl_led_gpio/pl_led_gpio.sdk/pl_led_gpio/Debug/pl_led_gpio.elf' is downloaded to processor 'ps7_cortexa9_0'.
17:46:17 INFO  : 'configparams force-mem-access 0' command is executed.
17:46:17 INFO  : ----------------XSDB Script----------------
connect -url tcp:127.0.0.1:3121
source /home/jun-i/Work/zynq_practice/pl_led_gpio/pl_led_gpio.sdk/design_1_wrapper_hw_platform_0/ps7_init.tcl
targets -set -nocase -filter {name =~"APU*" && jtag_cable_name =~ "Digilent Zybo 210279786972A"} -index 0
loadhw -hw /home/jun-i/Work/zynq_practice/pl_led_gpio/pl_led_gpio.sdk/design_1_wrapper_hw_platform_0/system.hdf -mem-ranges [list {0x40000000 0xbfffffff}]
configparams force-mem-access 1
targets -set -nocase -filter {name =~"APU*" && jtag_cable_name =~ "Digilent Zybo 210279786972A"} -index 0
stop
ps7_init
ps7_post_config
targets -set -nocase -filter {name =~ "ARM*#0" && jtag_cable_name =~ "Digilent Zybo 210279786972A"} -index 0
rst -processor
targets -set -nocase -filter {name =~ "ARM*#0" && jtag_cable_name =~ "Digilent Zybo 210279786972A"} -index 0
dow /home/jun-i/Work/zynq_practice/pl_led_gpio/pl_led_gpio.sdk/pl_led_gpio/Debug/pl_led_gpio.elf
configparams force-mem-access 0
----------------End of Script----------------

17:46:17 INFO  : Memory regions updated for context APU
17:46:17 INFO  : Context for processor 'ps7_cortexa9_0' is selected.
17:46:17 INFO  : 'con' command is executed.
17:46:17 INFO  : ----------------XSDB Script (After Launch)----------------
targets -set -nocase -filter {name =~ "ARM*#0" && jtag_cable_name =~ "Digilent Zybo 210279786972A"} -index 0
con
----------------End of Script----------------

17:46:17 INFO  : Launch script is exported to file '/home/jun-i/Work/zynq_practice/pl_led_gpio/pl_led_gpio.sdk/.sdk/launch_scripts/xilinx_c-c++_application_(system_debugger)/system_debugger_using_debug_pl_led_gpio.elf_on_local.tcl'
